[0m10:50:24.348707 [debug] [MainThread]: Sending event: {'category': 'dbt', 'action': 'invocation', 'label': 'start', 'context': [<snowplow_tracker.self_describing_json.SelfDescribingJson object at 0x000002499D899AF0>, <snowplow_tracker.self_describing_json.SelfDescribingJson object at 0x00000249A06ABA00>, <snowplow_tracker.self_describing_json.SelfDescribingJson object at 0x00000249A068F130>]}


============================== 10:50:24.355857 | 5d7652fe-0c6c-4ae1-85b2-5b4ebc773345 ==============================
[0m10:50:24.355857 [info ] [MainThread]: Running with dbt=1.7.7
[0m10:50:24.357363 [debug] [MainThread]: running dbt with arguments {'printer_width': '80', 'indirect_selection': 'eager', 'write_json': 'True', 'log_cache_events': 'False', 'partial_parse': 'True', 'cache_selected_only': 'False', 'warn_error': 'None', 'debug': 'False', 'profiles_dir': 'C:\\Users\\hoang\\.dbt', 'log_path': 'logs', 'fail_fast': 'False', 'version_check': 'True', 'use_colors': 'True', 'use_experimental_parser': 'False', 'no_print': 'None', 'quiet': 'False', 'log_format': 'default', 'invocation_command': 'dbt init SumAI', 'static_parser': 'True', 'introspect': 'True', 'target_path': 'None', 'warn_error_options': 'WarnErrorOptions(include=[], exclude=[])', 'send_anonymous_usage_stats': 'True'}
[0m10:50:24.357363 [debug] [MainThread]: Starter project path: C:\Users\hoang\AppData\Local\Programs\Python\Python39\lib\site-packages\dbt\include\starter_project
[0m10:50:24.403476 [info ] [MainThread]: 
Your new dbt project "SumAI" was created!

For more information on how to configure the profiles.yml file,
please consult the dbt documentation here:

  https://docs.getdbt.com/docs/configure-your-profile

One more thing:

Need help? Don't hesitate to reach out to us via GitHub issues or on Slack:

  https://community.getdbt.com/

Happy modeling!

[0m10:50:24.404832 [info ] [MainThread]: Setting up your profile.
[0m10:55:24.952449 [info ] [MainThread]: Profile SumAI written to C:\Users\hoang\.dbt\profiles.yml using target's profile_template.yml and your supplied values. Run 'dbt debug' to validate the connection.
[0m10:55:24.980378 [debug] [MainThread]: Command `dbt init` succeeded at 10:55:24.978364 after 300.71 seconds
[0m10:55:24.980378 [debug] [MainThread]: Sending event: {'category': 'dbt', 'action': 'invocation', 'label': 'end', 'context': [<snowplow_tracker.self_describing_json.SelfDescribingJson object at 0x000002499D899AF0>, <snowplow_tracker.self_describing_json.SelfDescribingJson object at 0x00000249A06AB9D0>, <snowplow_tracker.self_describing_json.SelfDescribingJson object at 0x00000249A068FEE0>]}
[0m10:55:24.989620 [debug] [MainThread]: Flushing usage events
[0m10:55:43.218144 [debug] [MainThread]: Sending event: {'category': 'dbt', 'action': 'invocation', 'label': 'start', 'context': [<snowplow_tracker.self_describing_json.SelfDescribingJson object at 0x000001E3A0BF98E0>, <snowplow_tracker.self_describing_json.SelfDescribingJson object at 0x000001E3A39EF130>, <snowplow_tracker.self_describing_json.SelfDescribingJson object at 0x000001E3A39EFF10>]}


============================== 10:55:43.226893 | e151db36-93cc-4301-b185-2374b99aafea ==============================
[0m10:55:43.226893 [info ] [MainThread]: Running with dbt=1.7.7
[0m10:55:43.229066 [debug] [MainThread]: running dbt with arguments {'printer_width': '80', 'indirect_selection': 'eager', 'write_json': 'True', 'log_cache_events': 'False', 'partial_parse': 'True', 'cache_selected_only': 'False', 'warn_error': 'None', 'debug': 'False', 'profiles_dir': 'C:\\Users\\hoang\\.dbt', 'log_path': 'logs', 'version_check': 'True', 'fail_fast': 'False', 'use_colors': 'True', 'use_experimental_parser': 'False', 'no_print': 'None', 'quiet': 'False', 'log_format': 'default', 'static_parser': 'True', 'invocation_command': 'dbt debug', 'warn_error_options': 'WarnErrorOptions(include=[], exclude=[])', 'target_path': 'None', 'introspect': 'True', 'send_anonymous_usage_stats': 'True'}
[0m10:55:43.231075 [info ] [MainThread]: dbt version: 1.7.7
[0m10:55:43.232075 [info ] [MainThread]: python version: 3.9.10
[0m10:55:43.233074 [info ] [MainThread]: python path: C:\Users\hoang\AppData\Local\Programs\Python\Python39\python.exe
[0m10:55:43.235078 [info ] [MainThread]: os info: Windows-10-10.0.26100-SP0
[0m10:55:43.424950 [info ] [MainThread]: Error importing adapter: No module named 'dbt.adapters.databricks'
[0m10:55:43.426965 [info ] [MainThread]: Using profiles dir at C:\Users\hoang\.dbt
[0m10:55:43.427958 [info ] [MainThread]: Using profiles.yml file at C:\Users\hoang\.dbt\profiles.yml
[0m10:55:43.429468 [info ] [MainThread]: Using dbt_project.yml file at C:\Users\hoang\Documents\GitHub\SumAI\db\dbt_project.yml
[0m10:55:43.430480 [info ] [MainThread]: Configuration:
[0m10:55:43.431479 [info ] [MainThread]:   profiles.yml file [[31mERROR invalid[0m]
[0m10:55:43.433108 [info ] [MainThread]:   dbt_project.yml file [[31mERROR not found[0m]
[0m10:55:43.434125 [info ] [MainThread]: Required dependencies:
[0m10:55:43.435712 [debug] [MainThread]: Executing "git --help"
[0m10:55:43.492769 [debug] [MainThread]: STDOUT: "b"usage: git [-v | --version] [-h | --help] [-C <path>] [-c <name>=<value>]\n           [--exec-path[=<path>]] [--html-path] [--man-path] [--info-path]\n           [-p | --paginate | -P | --no-pager] [--no-replace-objects] [--bare]\n           [--git-dir=<path>] [--work-tree=<path>] [--namespace=<name>]\n           [--super-prefix=<path>] [--config-env=<name>=<envvar>]\n           <command> [<args>]\n\nThese are common Git commands used in various situations:\n\nstart a working area (see also: git help tutorial)\n   clone     Clone a repository into a new directory\n   init      Create an empty Git repository or reinitialize an existing one\n\nwork on the current change (see also: git help everyday)\n   add       Add file contents to the index\n   mv        Move or rename a file, a directory, or a symlink\n   restore   Restore working tree files\n   rm        Remove files from the working tree and from the index\n\nexamine the history and state (see also: git help revisions)\n   bisect    Use binary search to find the commit that introduced a bug\n   diff      Show changes between commits, commit and working tree, etc\n   grep      Print lines matching a pattern\n   log       Show commit logs\n   show      Show various types of objects\n   status    Show the working tree status\n\ngrow, mark and tweak your common history\n   branch    List, create, or delete branches\n   commit    Record changes to the repository\n   merge     Join two or more development histories together\n   rebase    Reapply commits on top of another base tip\n   reset     Reset current HEAD to the specified state\n   switch    Switch branches\n   tag       Create, list, delete or verify a tag object signed with GPG\n\ncollaborate (see also: git help workflows)\n   fetch     Download objects and refs from another repository\n   pull      Fetch from and integrate with another repository or a local branch\n   push      Update remote refs along with associated objects\n\n'git help -a' and 'git help -g' list available subcommands and some\nconcept guides. See 'git help <command>' or 'git help <concept>'\nto read about a specific subcommand or concept.\nSee 'git help git' for an overview of the system.\n""
[0m10:55:43.492769 [debug] [MainThread]: STDERR: "b''"
[0m10:55:43.492769 [info ] [MainThread]:  - git [[32mOK found[0m]

[0m10:55:43.492769 [info ] [MainThread]: Connection test skipped since no profile was found
[0m10:55:43.497554 [info ] [MainThread]: [31m2 checks failed:[0m
[0m10:55:43.497554 [info ] [MainThread]: Could not load dbt_project.yml
Profile loading failed for the following reason:
Runtime Error
  Credentials in profile "medallion_dbt_spark", target "dev" invalid: Runtime Error
    Could not find adapter type databricks!


[0m10:55:43.497554 [info ] [MainThread]: Project loading failed for the following reason:
 project path <C:\Users\hoang\Documents\GitHub\SumAI\db\dbt_project.yml> not found

[0m10:55:43.497554 [debug] [MainThread]: Command `dbt debug` failed at 10:55:43.497554 after 0.38 seconds
[0m10:55:43.497554 [debug] [MainThread]: Sending event: {'category': 'dbt', 'action': 'invocation', 'label': 'end', 'context': [<snowplow_tracker.self_describing_json.SelfDescribingJson object at 0x000001E3A0BF98E0>, <snowplow_tracker.self_describing_json.SelfDescribingJson object at 0x000001E3A3B34C40>, <snowplow_tracker.self_describing_json.SelfDescribingJson object at 0x000001E3A3BA1C70>]}
[0m10:55:43.497554 [debug] [MainThread]: Flushing usage events
